2019-10-30 08:47:58 INFO  AccountHolderDAOImpl:46 - Class: AccountHolderDAOImpl -> Method: AccountHolderDAOImpl() : Setting Auto commit false.
2019-10-30 08:47:58 INFO  BankAdminDAOImpl:49 - Class: BankAdminDAOImpl -> Method: BankAdminDAOImpl() : Setting Auto commit false.
2019-10-30 08:47:59 INFO  AccountHolderDAOImpl:46 - Class: AccountHolderDAOImpl -> Method: AccountHolderDAOImpl() : Setting Auto commit false.
2019-10-30 08:47:59 INFO  AccountHolderServiceImpl:36 - Class: AccountHolderServiceImpl -> Method: validatePassword(String,String) : Validating Password.
2019-10-30 08:47:59 INFO  AccountHolderDAOImpl:99 - Class: AccountHolderDAOImpl -> Method: selectPassword(String) : Selecting Password.
2019-10-30 08:47:59 INFO  AccountHolderDAOImpl:46 - Class: AccountHolderDAOImpl -> Method: AccountHolderDAOImpl() : Setting Auto commit false.
2019-10-30 08:47:59 INFO  AccountHolderDAOImpl:543 - Class: AccountHolderDAOImpl -> Method: updateAddress(int, String) : Updating Address.
2019-10-30 08:47:59 INFO  AccountHolderDAOImpl:46 - Class: AccountHolderDAOImpl -> Method: AccountHolderDAOImpl() : Setting Auto commit false.
2019-10-30 08:47:59 INFO  AccountHolderServiceImpl:95 - Class: AccountHolderServiceImpl -> Method: getMiniStatement(int) : Getting mini statement
2019-10-30 08:47:59 INFO  AccountHolderDAOImpl:417 - Class: AccountHolderDAOImpl -> Method: selectTentransactions(int) : Selecting  Ten Transactions.
2019-10-30 08:47:59 INFO  AccountHolderDAOImpl:46 - Class: AccountHolderDAOImpl -> Method: AccountHolderDAOImpl() : Setting Auto commit false.
2019-10-30 08:47:59 INFO  AccountHolderServiceImpl:52 - Class: AccountHolderServiceImpl -> Method: validateUserName(String) : Fund Transfer.
2019-10-30 08:47:59 INFO  AccountHolderDAOImpl:170 - Class: AccountHolderDAOImpl -> Method: getAmount(int) : Getting Amount.
2019-10-30 08:47:59 INFO  AccountHolderDAOImpl:200 - Class: AccountHolderDAOImpl -> Method: selectPayee(int, int) : Selecting Payee.
2019-10-30 08:47:59 INFO  AccountHolderDAOImpl:231 - Class: AccountHolderDAOImpl -> Method: withdraw(int, double) : Withdrawing.
2019-10-30 08:47:59 INFO  AccountHolderDAOImpl:273 - Class: AccountHolderDAOImpl -> Method: deposit(int, double) : Depositing.
2019-10-30 08:47:59 INFO  AccountHolderDAOImpl:360 - Class: AccountHolderDAOImpl -> Method: addFundTransfer(Payee, double) : Adding Fund Transfer.
2019-10-30 08:47:59 INFO  AccountHolderDAOImpl:305 - Class: AccountHolderDAOImpl -> Method: connectionCommit() : Committing connection.
2019-10-30 08:47:59 INFO  AccountHolderServiceImpl:68 - Class: AccountHolderServiceImpl -> Method: fundTransfer(int,Payee,double) : Fund Transferred.
2019-10-30 08:47:59 INFO  AccountHolderServiceImpl:95 - Class: AccountHolderServiceImpl -> Method: getMiniStatement(int) : Getting mini statement
2019-10-30 08:47:59 INFO  AccountHolderDAOImpl:417 - Class: AccountHolderDAOImpl -> Method: selectTentransactions(int) : Selecting  Ten Transactions.
2019-10-30 08:47:59 INFO  MainScreen:89 - Main screen loaded...
2019-10-30 08:47:59 INFO  MainScreen:100 - Start menu loaded...
2019-10-30 08:48:05 INFO  Utility:16 - Class: Utility -> Method: validateChoice(int) : Validating Choice.
2019-10-30 08:48:05 INFO  MainScreen:220 - Class: MainScreen -> Method: bankAdmin() : Account Holder login page loaded.
2019-10-30 08:48:13 INFO  BankAdminServiceImpl:46 - Class: BankAdminServiceImpl -> Method: validateAdminName(String) : Validating Admin Name.
2019-10-30 08:48:13 INFO  BankAdminDAOImpl:70 - Class: BankAdminDAOImpl -> Method: selectAdminName(String) : Selecting Admin Name.
2019-10-30 08:48:17 INFO  BankAdminServiceImpl:70 - Class: BankAdminServiceImpl -> Method: validateAdminName(String) : Validating Password.
2019-10-30 08:48:17 INFO  BankAdminDAOImpl:103 - Class: BankAdminDAOImpl -> Method: selectPassword(String, String) : Selecting Password.
2019-10-30 08:48:17 INFO  MainScreen:252 - Class: MainScreen -> Method: bankAdmin() : Login Successful
2019-10-30 08:48:17 INFO  MainScreen:283 - Class: MainScreen -> Method: bankAdminHome(BankAdmin) : BankAdmin Home loaded.
2019-10-30 08:48:21 ERROR MainScreen:430 - Class: MainScreen -> Method: createAccount() : Create Account Method
2019-10-30 08:48:31 INFO  Utility:37 - Class: Utility -> Method: validateName(String) : Validating Name.
2019-10-30 08:48:38 INFO  Utility:44 - Class: Utility -> Method: validateMobileNumber(String) : Validating Mobile Number.
2019-10-30 08:48:38 WARN  MainScreen:471 - Class: MainScreen -> Method: createAccount() : Invalid mobile number entered.
2019-10-30 08:48:39 INFO  Utility:44 - Class: Utility -> Method: validateMobileNumber(String) : Validating Mobile Number.
2019-10-30 08:48:39 WARN  MainScreen:471 - Class: MainScreen -> Method: createAccount() : Invalid mobile number entered.
2019-10-30 08:48:40 INFO  Utility:44 - Class: Utility -> Method: validateMobileNumber(String) : Validating Mobile Number.
2019-10-30 08:48:40 WARN  MainScreen:471 - Class: MainScreen -> Method: createAccount() : Invalid mobile number entered.
2019-10-30 08:48:40 INFO  MainScreen:480 - Class: MainScreen -> Method: createAccount() : Going Back.
2019-10-30 08:48:43 ERROR MainScreen:430 - Class: MainScreen -> Method: createAccount() : Create Account Method
2019-10-30 08:48:47 INFO  Utility:37 - Class: Utility -> Method: validateName(String) : Validating Name.
2019-10-30 08:49:12 INFO  Utility:44 - Class: Utility -> Method: validateMobileNumber(String) : Validating Mobile Number.
2019-10-30 08:49:29 INFO  Utility:62 - Class: Utility -> Method: validateEmailId(String) : Validating Email Id.
2019-10-30 08:49:33 INFO  Utility:73 - Class: Utility -> Method: validateAccountType(String) : Validating Account Type.
2019-10-30 08:49:39 INFO  Utility:81 - Class: Utility -> Method: validatePanNumber(String) : Validating PanNumber.
2019-10-30 08:49:39 WARN  MainScreen:528 - Class: MainScreen -> Method: createAccount() : Invalid pan number entered.
2019-10-30 08:50:03 INFO  Utility:81 - Class: Utility -> Method: validatePanNumber(String) : Validating PanNumber.
2019-10-30 08:50:03 WARN  MainScreen:528 - Class: MainScreen -> Method: createAccount() : Invalid pan number entered.
2019-10-30 08:51:32 INFO  Utility:81 - Class: Utility -> Method: validatePanNumber(String) : Validating PanNumber.
2019-10-30 08:51:32 WARN  MainScreen:528 - Class: MainScreen -> Method: createAccount() : Invalid pan number entered.
2019-10-30 08:51:32 INFO  MainScreen:539 - Class: MainScreen -> Method: createAccount() : Going Back.
2019-10-30 08:54:26 INFO  AccountHolderDAOImpl:46 - Class: AccountHolderDAOImpl -> Method: AccountHolderDAOImpl() : Setting Auto commit false.
2019-10-30 08:54:26 INFO  BankAdminDAOImpl:49 - Class: BankAdminDAOImpl -> Method: BankAdminDAOImpl() : Setting Auto commit false.
2019-10-30 08:54:26 INFO  AccountHolderDAOImpl:46 - Class: AccountHolderDAOImpl -> Method: AccountHolderDAOImpl() : Setting Auto commit false.
2019-10-30 08:54:26 INFO  AccountHolderServiceImpl:36 - Class: AccountHolderServiceImpl -> Method: validatePassword(String,String) : Validating Password.
2019-10-30 08:54:26 INFO  AccountHolderDAOImpl:99 - Class: AccountHolderDAOImpl -> Method: selectPassword(String) : Selecting Password.
2019-10-30 08:54:26 INFO  AccountHolderDAOImpl:46 - Class: AccountHolderDAOImpl -> Method: AccountHolderDAOImpl() : Setting Auto commit false.
2019-10-30 08:54:26 INFO  AccountHolderDAOImpl:543 - Class: AccountHolderDAOImpl -> Method: updateAddress(int, String) : Updating Address.
2019-10-30 08:54:26 INFO  AccountHolderDAOImpl:46 - Class: AccountHolderDAOImpl -> Method: AccountHolderDAOImpl() : Setting Auto commit false.
2019-10-30 08:54:26 INFO  AccountHolderServiceImpl:95 - Class: AccountHolderServiceImpl -> Method: getMiniStatement(int) : Getting mini statement
2019-10-30 08:54:26 INFO  AccountHolderDAOImpl:417 - Class: AccountHolderDAOImpl -> Method: selectTentransactions(int) : Selecting  Ten Transactions.
2019-10-30 08:54:26 INFO  AccountHolderDAOImpl:46 - Class: AccountHolderDAOImpl -> Method: AccountHolderDAOImpl() : Setting Auto commit false.
2019-10-30 08:54:26 INFO  AccountHolderServiceImpl:52 - Class: AccountHolderServiceImpl -> Method: validateUserName(String) : Fund Transfer.
2019-10-30 08:54:26 INFO  AccountHolderDAOImpl:170 - Class: AccountHolderDAOImpl -> Method: getAmount(int) : Getting Amount.
2019-10-30 08:54:26 INFO  AccountHolderDAOImpl:200 - Class: AccountHolderDAOImpl -> Method: selectPayee(int, int) : Selecting Payee.
2019-10-30 08:54:26 INFO  AccountHolderDAOImpl:231 - Class: AccountHolderDAOImpl -> Method: withdraw(int, double) : Withdrawing.
2019-10-30 08:54:26 INFO  AccountHolderDAOImpl:273 - Class: AccountHolderDAOImpl -> Method: deposit(int, double) : Depositing.
2019-10-30 08:54:26 INFO  AccountHolderDAOImpl:360 - Class: AccountHolderDAOImpl -> Method: addFundTransfer(Payee, double) : Adding Fund Transfer.
2019-10-30 08:54:26 INFO  AccountHolderDAOImpl:305 - Class: AccountHolderDAOImpl -> Method: connectionCommit() : Committing connection.
2019-10-30 08:54:26 INFO  AccountHolderServiceImpl:68 - Class: AccountHolderServiceImpl -> Method: fundTransfer(int,Payee,double) : Fund Transferred.
2019-10-30 08:54:26 INFO  AccountHolderServiceImpl:95 - Class: AccountHolderServiceImpl -> Method: getMiniStatement(int) : Getting mini statement
2019-10-30 08:54:26 INFO  AccountHolderDAOImpl:417 - Class: AccountHolderDAOImpl -> Method: selectTentransactions(int) : Selecting  Ten Transactions.
2019-10-30 08:54:26 INFO  MainScreen:89 - Main screen loaded...
2019-10-30 08:54:26 INFO  MainScreen:100 - Start menu loaded...
2019-10-30 08:54:29 INFO  Utility:16 - Class: Utility -> Method: validateChoice(int) : Validating Choice.
2019-10-30 08:54:29 INFO  MainScreen:220 - Class: MainScreen -> Method: bankAdmin() : Account Holder login page loaded.
2019-10-30 08:54:33 INFO  BankAdminServiceImpl:46 - Class: BankAdminServiceImpl -> Method: validateAdminName(String) : Validating Admin Name.
2019-10-30 08:54:33 INFO  BankAdminDAOImpl:70 - Class: BankAdminDAOImpl -> Method: selectAdminName(String) : Selecting Admin Name.
2019-10-30 08:54:35 INFO  BankAdminServiceImpl:70 - Class: BankAdminServiceImpl -> Method: validateAdminName(String) : Validating Password.
2019-10-30 08:54:35 INFO  BankAdminDAOImpl:103 - Class: BankAdminDAOImpl -> Method: selectPassword(String, String) : Selecting Password.
2019-10-30 08:54:35 INFO  MainScreen:252 - Class: MainScreen -> Method: bankAdmin() : Login Successful
2019-10-30 08:54:35 INFO  MainScreen:283 - Class: MainScreen -> Method: bankAdminHome(BankAdmin) : BankAdmin Home loaded.
2019-10-30 08:54:46 ERROR MainScreen:430 - Class: MainScreen -> Method: createAccount() : Create Account Method
2019-10-30 08:54:50 INFO  Utility:37 - Class: Utility -> Method: validateName(String) : Validating Name.
2019-10-30 08:55:29 INFO  Utility:44 - Class: Utility -> Method: validateMobileNumber(String) : Validating Mobile Number.
2019-10-30 08:55:36 INFO  Utility:62 - Class: Utility -> Method: validateEmailId(String) : Validating Email Id.
2019-10-30 08:55:40 INFO  Utility:73 - Class: Utility -> Method: validateAccountType(String) : Validating Account Type.
2019-10-30 08:55:56 INFO  Utility:81 - Class: Utility -> Method: validatePanNumber(String) : Validating PanNumber.
2019-10-30 08:55:56 WARN  MainScreen:528 - Class: MainScreen -> Method: createAccount() : Invalid pan number entered.
2019-10-30 08:56:23 INFO  Utility:81 - Class: Utility -> Method: validatePanNumber(String) : Validating PanNumber.
2019-10-30 08:56:23 WARN  MainScreen:528 - Class: MainScreen -> Method: createAccount() : Invalid pan number entered.
2019-10-30 08:58:27 INFO  AccountHolderDAOImpl:46 - Class: AccountHolderDAOImpl -> Method: AccountHolderDAOImpl() : Setting Auto commit false.
2019-10-30 08:58:27 INFO  BankAdminDAOImpl:49 - Class: BankAdminDAOImpl -> Method: BankAdminDAOImpl() : Setting Auto commit false.
2019-10-30 08:58:27 INFO  AccountHolderDAOImpl:46 - Class: AccountHolderDAOImpl -> Method: AccountHolderDAOImpl() : Setting Auto commit false.
2019-10-30 08:58:27 INFO  AccountHolderServiceImpl:36 - Class: AccountHolderServiceImpl -> Method: validatePassword(String,String) : Validating Password.
2019-10-30 08:58:27 INFO  AccountHolderDAOImpl:99 - Class: AccountHolderDAOImpl -> Method: selectPassword(String) : Selecting Password.
2019-10-30 08:58:28 INFO  AccountHolderDAOImpl:46 - Class: AccountHolderDAOImpl -> Method: AccountHolderDAOImpl() : Setting Auto commit false.
2019-10-30 08:58:28 INFO  AccountHolderDAOImpl:543 - Class: AccountHolderDAOImpl -> Method: updateAddress(int, String) : Updating Address.
2019-10-30 08:58:28 INFO  AccountHolderDAOImpl:46 - Class: AccountHolderDAOImpl -> Method: AccountHolderDAOImpl() : Setting Auto commit false.
2019-10-30 08:58:28 INFO  AccountHolderServiceImpl:95 - Class: AccountHolderServiceImpl -> Method: getMiniStatement(int) : Getting mini statement
2019-10-30 08:58:28 INFO  AccountHolderDAOImpl:417 - Class: AccountHolderDAOImpl -> Method: selectTentransactions(int) : Selecting  Ten Transactions.
2019-10-30 08:58:28 INFO  AccountHolderDAOImpl:46 - Class: AccountHolderDAOImpl -> Method: AccountHolderDAOImpl() : Setting Auto commit false.
2019-10-30 08:58:28 INFO  AccountHolderServiceImpl:52 - Class: AccountHolderServiceImpl -> Method: validateUserName(String) : Fund Transfer.
2019-10-30 08:58:28 INFO  AccountHolderDAOImpl:170 - Class: AccountHolderDAOImpl -> Method: getAmount(int) : Getting Amount.
2019-10-30 08:58:28 INFO  AccountHolderDAOImpl:200 - Class: AccountHolderDAOImpl -> Method: selectPayee(int, int) : Selecting Payee.
2019-10-30 08:58:28 INFO  AccountHolderDAOImpl:231 - Class: AccountHolderDAOImpl -> Method: withdraw(int, double) : Withdrawing.
2019-10-30 08:58:28 INFO  AccountHolderDAOImpl:273 - Class: AccountHolderDAOImpl -> Method: deposit(int, double) : Depositing.
2019-10-30 08:58:28 INFO  AccountHolderDAOImpl:360 - Class: AccountHolderDAOImpl -> Method: addFundTransfer(Payee, double) : Adding Fund Transfer.
2019-10-30 08:58:28 INFO  AccountHolderDAOImpl:305 - Class: AccountHolderDAOImpl -> Method: connectionCommit() : Committing connection.
2019-10-30 08:58:28 INFO  AccountHolderServiceImpl:68 - Class: AccountHolderServiceImpl -> Method: fundTransfer(int,Payee,double) : Fund Transferred.
2019-10-30 08:58:28 INFO  AccountHolderServiceImpl:95 - Class: AccountHolderServiceImpl -> Method: getMiniStatement(int) : Getting mini statement
2019-10-30 08:58:28 INFO  AccountHolderDAOImpl:417 - Class: AccountHolderDAOImpl -> Method: selectTentransactions(int) : Selecting  Ten Transactions.
2019-10-30 08:58:28 INFO  MainScreen:89 - Main screen loaded...
2019-10-30 08:58:28 INFO  MainScreen:100 - Start menu loaded...
2019-10-30 08:58:31 INFO  Utility:16 - Class: Utility -> Method: validateChoice(int) : Validating Choice.
2019-10-30 08:58:31 INFO  MainScreen:220 - Class: MainScreen -> Method: bankAdmin() : Account Holder login page loaded.
2019-10-30 08:58:35 INFO  BankAdminServiceImpl:46 - Class: BankAdminServiceImpl -> Method: validateAdminName(String) : Validating Admin Name.
2019-10-30 08:58:35 INFO  BankAdminDAOImpl:70 - Class: BankAdminDAOImpl -> Method: selectAdminName(String) : Selecting Admin Name.
2019-10-30 08:58:37 INFO  BankAdminServiceImpl:70 - Class: BankAdminServiceImpl -> Method: validateAdminName(String) : Validating Password.
2019-10-30 08:58:37 INFO  BankAdminDAOImpl:103 - Class: BankAdminDAOImpl -> Method: selectPassword(String, String) : Selecting Password.
2019-10-30 08:58:37 INFO  MainScreen:252 - Class: MainScreen -> Method: bankAdmin() : Login Successful
2019-10-30 08:58:37 INFO  MainScreen:283 - Class: MainScreen -> Method: bankAdminHome(BankAdmin) : BankAdmin Home loaded.
2019-10-30 08:58:40 ERROR MainScreen:430 - Class: MainScreen -> Method: createAccount() : Create Account Method
2019-10-30 08:58:43 INFO  Utility:37 - Class: Utility -> Method: validateName(String) : Validating Name.
2019-10-30 08:59:16 INFO  Utility:44 - Class: Utility -> Method: validateMobileNumber(String) : Validating Mobile Number.
2019-10-30 08:59:29 INFO  Utility:62 - Class: Utility -> Method: validateEmailId(String) : Validating Email Id.
2019-10-30 08:59:32 INFO  Utility:73 - Class: Utility -> Method: validateAccountType(String) : Validating Account Type.
2019-10-30 08:59:52 INFO  Utility:81 - Class: Utility -> Method: validatePanNumber(String) : Validating PanNumber.
2019-10-30 08:59:58 INFO  Utility:81 - Class: Utility -> Method: validatePanNumber(String) : Validating PanNumber.
2019-10-30 08:59:58 INFO  BankAdminServiceImpl:94 - Class: BankAdminServiceImpl -> Method: createAccount(Customer, AccountMaster) : Creating Account.
2019-10-30 08:59:58 INFO  BankAdminDAOImpl:242 - Class: BankAdminDAOImpl -> Method: checkPan(String) : Checking Pan no.
2019-10-30 08:59:58 WARN  BankAdminDAOImpl:249 - Class: BankAdminDAOImpl -> Method: checkPan(String) : SQLException while Checking Pan no.
2019-10-30 08:59:58 INFO  BankAdminDAOImpl:136 - Class: BankAdminDAOImpl -> Method: addAccountMaster(AccountMaster) : Adding Account Master.
2019-10-30 08:59:58 INFO  BankAdminDAOImpl:171 - Class: BankAdminDAOImpl -> Method: addCustomer(Customer) : Adding Customer.
2019-10-30 08:59:58 INFO  BankAdminServiceImpl:107 - Class: BankAdminServiceImpl -> Method: createAccount(Customer, AccountMaster) : No existing account id.
2019-10-30 08:59:58 INFO  BankAdminDAOImpl:207 - Class: BankAdminDAOImpl -> Method: addUser(AccountHolder) : Adding User.
2019-10-30 08:59:58 INFO  BankAdminServiceImpl:122 - Class: BankAdminServiceImpl -> Method: createAccount(Customer, AccountMaster) : User added.
2019-10-30 08:59:58 INFO  BankAdminServiceImpl:126 - Class: BankAdminServiceImpl -> Method: createAccount(Customer, AccountMaster) : Going Back after adding.
2019-10-30 08:59:58 INFO  MainScreen:562 - Class: MainScreen -> Method: createAccount() : Account created and Going Back.
2019-10-30 09:01:48 INFO  AccountHolderDAOImpl:46 - Class: AccountHolderDAOImpl -> Method: AccountHolderDAOImpl() : Setting Auto commit false.
2019-10-30 09:01:48 INFO  BankAdminDAOImpl:49 - Class: BankAdminDAOImpl -> Method: BankAdminDAOImpl() : Setting Auto commit false.
2019-10-30 09:01:49 INFO  AccountHolderDAOImpl:46 - Class: AccountHolderDAOImpl -> Method: AccountHolderDAOImpl() : Setting Auto commit false.
2019-10-30 09:01:49 INFO  AccountHolderServiceImpl:36 - Class: AccountHolderServiceImpl -> Method: validatePassword(String,String) : Validating Password.
2019-10-30 09:01:49 INFO  AccountHolderDAOImpl:99 - Class: AccountHolderDAOImpl -> Method: selectPassword(String) : Selecting Password.
2019-10-30 09:01:49 INFO  AccountHolderDAOImpl:46 - Class: AccountHolderDAOImpl -> Method: AccountHolderDAOImpl() : Setting Auto commit false.
2019-10-30 09:01:49 INFO  AccountHolderDAOImpl:543 - Class: AccountHolderDAOImpl -> Method: updateAddress(int, String) : Updating Address.
2019-10-30 09:01:49 INFO  AccountHolderDAOImpl:46 - Class: AccountHolderDAOImpl -> Method: AccountHolderDAOImpl() : Setting Auto commit false.
2019-10-30 09:01:49 INFO  AccountHolderServiceImpl:95 - Class: AccountHolderServiceImpl -> Method: getMiniStatement(int) : Getting mini statement
2019-10-30 09:01:49 INFO  AccountHolderDAOImpl:417 - Class: AccountHolderDAOImpl -> Method: selectTentransactions(int) : Selecting  Ten Transactions.
2019-10-30 09:01:49 INFO  AccountHolderDAOImpl:46 - Class: AccountHolderDAOImpl -> Method: AccountHolderDAOImpl() : Setting Auto commit false.
2019-10-30 09:01:49 INFO  AccountHolderServiceImpl:52 - Class: AccountHolderServiceImpl -> Method: validateUserName(String) : Fund Transfer.
2019-10-30 09:01:49 INFO  AccountHolderDAOImpl:170 - Class: AccountHolderDAOImpl -> Method: getAmount(int) : Getting Amount.
2019-10-30 09:01:49 INFO  AccountHolderDAOImpl:200 - Class: AccountHolderDAOImpl -> Method: selectPayee(int, int) : Selecting Payee.
2019-10-30 09:01:49 INFO  AccountHolderDAOImpl:231 - Class: AccountHolderDAOImpl -> Method: withdraw(int, double) : Withdrawing.
2019-10-30 09:01:49 INFO  AccountHolderDAOImpl:273 - Class: AccountHolderDAOImpl -> Method: deposit(int, double) : Depositing.
2019-10-30 09:01:49 INFO  AccountHolderDAOImpl:360 - Class: AccountHolderDAOImpl -> Method: addFundTransfer(Payee, double) : Adding Fund Transfer.
2019-10-30 09:01:49 INFO  AccountHolderDAOImpl:305 - Class: AccountHolderDAOImpl -> Method: connectionCommit() : Committing connection.
2019-10-30 09:01:49 INFO  AccountHolderServiceImpl:68 - Class: AccountHolderServiceImpl -> Method: fundTransfer(int,Payee,double) : Fund Transferred.
2019-10-30 09:01:49 INFO  AccountHolderServiceImpl:95 - Class: AccountHolderServiceImpl -> Method: getMiniStatement(int) : Getting mini statement
2019-10-30 09:01:49 INFO  AccountHolderDAOImpl:417 - Class: AccountHolderDAOImpl -> Method: selectTentransactions(int) : Selecting  Ten Transactions.
2019-10-30 09:01:49 INFO  MainScreen:89 - Main screen loaded...
2019-10-30 09:01:49 INFO  MainScreen:100 - Start menu loaded...
2019-10-30 09:01:51 INFO  Utility:16 - Class: Utility -> Method: validateChoice(int) : Validating Choice.
2019-10-30 09:01:51 INFO  MainScreen:220 - Class: MainScreen -> Method: bankAdmin() : Account Holder login page loaded.
2019-10-30 09:01:55 INFO  BankAdminServiceImpl:46 - Class: BankAdminServiceImpl -> Method: validateAdminName(String) : Validating Admin Name.
2019-10-30 09:01:55 INFO  BankAdminDAOImpl:70 - Class: BankAdminDAOImpl -> Method: selectAdminName(String) : Selecting Admin Name.
2019-10-30 09:01:57 INFO  BankAdminServiceImpl:70 - Class: BankAdminServiceImpl -> Method: validateAdminName(String) : Validating Password.
2019-10-30 09:01:57 INFO  BankAdminDAOImpl:103 - Class: BankAdminDAOImpl -> Method: selectPassword(String, String) : Selecting Password.
2019-10-30 09:01:57 INFO  MainScreen:252 - Class: MainScreen -> Method: bankAdmin() : Login Successful
2019-10-30 09:01:57 INFO  MainScreen:283 - Class: MainScreen -> Method: bankAdminHome(BankAdmin) : BankAdmin Home loaded.
2019-10-30 09:01:59 ERROR MainScreen:430 - Class: MainScreen -> Method: createAccount() : Create Account Method
2019-10-30 09:02:00 INFO  Utility:37 - Class: Utility -> Method: validateName(String) : Validating Name.
2019-10-30 09:02:08 INFO  Utility:44 - Class: Utility -> Method: validateMobileNumber(String) : Validating Mobile Number.
2019-10-30 09:02:08 WARN  MainScreen:471 - Class: MainScreen -> Method: createAccount() : Invalid mobile number entered.
2019-10-30 09:02:12 INFO  Utility:44 - Class: Utility -> Method: validateMobileNumber(String) : Validating Mobile Number.
2019-10-30 09:02:12 WARN  MainScreen:471 - Class: MainScreen -> Method: createAccount() : Invalid mobile number entered.
2019-10-30 09:02:16 INFO  Utility:44 - Class: Utility -> Method: validateMobileNumber(String) : Validating Mobile Number.
2019-10-30 09:02:16 WARN  MainScreen:471 - Class: MainScreen -> Method: createAccount() : Invalid mobile number entered.
2019-10-30 09:02:16 INFO  MainScreen:480 - Class: MainScreen -> Method: createAccount() : Going Back.
2019-10-30 09:02:21 ERROR MainScreen:430 - Class: MainScreen -> Method: createAccount() : Create Account Method
2019-10-30 09:02:23 INFO  Utility:37 - Class: Utility -> Method: validateName(String) : Validating Name.
2019-10-30 09:02:31 INFO  Utility:44 - Class: Utility -> Method: validateMobileNumber(String) : Validating Mobile Number.
2019-10-30 09:02:36 INFO  Utility:62 - Class: Utility -> Method: validateEmailId(String) : Validating Email Id.
2019-10-30 09:02:36 WARN  MainScreen:490 - Class: MainScreen -> Method: createAccount() : Invalid email id entered.
2019-10-30 09:02:44 INFO  Utility:62 - Class: Utility -> Method: validateEmailId(String) : Validating Email Id.
2019-10-30 09:02:48 INFO  Utility:73 - Class: Utility -> Method: validateAccountType(String) : Validating Account Type.
2019-10-30 09:02:55 INFO  Utility:81 - Class: Utility -> Method: validatePanNumber(String) : Validating PanNumber.
2019-10-30 09:02:55 WARN  MainScreen:528 - Class: MainScreen -> Method: createAccount() : Invalid pan number entered.
2019-10-30 09:03:51 INFO  AccountHolderDAOImpl:46 - Class: AccountHolderDAOImpl -> Method: AccountHolderDAOImpl() : Setting Auto commit false.
2019-10-30 09:03:51 INFO  BankAdminDAOImpl:49 - Class: BankAdminDAOImpl -> Method: BankAdminDAOImpl() : Setting Auto commit false.
2019-10-30 09:03:51 INFO  AccountHolderDAOImpl:46 - Class: AccountHolderDAOImpl -> Method: AccountHolderDAOImpl() : Setting Auto commit false.
2019-10-30 09:03:51 INFO  AccountHolderServiceImpl:36 - Class: AccountHolderServiceImpl -> Method: validatePassword(String,String) : Validating Password.
2019-10-30 09:03:51 INFO  AccountHolderDAOImpl:99 - Class: AccountHolderDAOImpl -> Method: selectPassword(String) : Selecting Password.
2019-10-30 09:03:52 INFO  AccountHolderDAOImpl:46 - Class: AccountHolderDAOImpl -> Method: AccountHolderDAOImpl() : Setting Auto commit false.
2019-10-30 09:03:52 INFO  AccountHolderDAOImpl:543 - Class: AccountHolderDAOImpl -> Method: updateAddress(int, String) : Updating Address.
2019-10-30 09:03:52 INFO  AccountHolderDAOImpl:46 - Class: AccountHolderDAOImpl -> Method: AccountHolderDAOImpl() : Setting Auto commit false.
2019-10-30 09:03:52 INFO  AccountHolderServiceImpl:95 - Class: AccountHolderServiceImpl -> Method: getMiniStatement(int) : Getting mini statement
2019-10-30 09:03:52 INFO  AccountHolderDAOImpl:417 - Class: AccountHolderDAOImpl -> Method: selectTentransactions(int) : Selecting  Ten Transactions.
2019-10-30 09:03:52 INFO  AccountHolderDAOImpl:46 - Class: AccountHolderDAOImpl -> Method: AccountHolderDAOImpl() : Setting Auto commit false.
2019-10-30 09:03:52 INFO  AccountHolderServiceImpl:52 - Class: AccountHolderServiceImpl -> Method: validateUserName(String) : Fund Transfer.
2019-10-30 09:03:52 INFO  AccountHolderDAOImpl:170 - Class: AccountHolderDAOImpl -> Method: getAmount(int) : Getting Amount.
2019-10-30 09:03:52 INFO  AccountHolderDAOImpl:200 - Class: AccountHolderDAOImpl -> Method: selectPayee(int, int) : Selecting Payee.
2019-10-30 09:03:52 ERROR AccountHolderServiceImpl:60 - Class: AccountHolderServiceImpl -> Method: fundTransfer(int,Payee,double) : Throwing LowBalanceException.
2019-10-30 09:03:52 INFO  MainScreen:89 - Main screen loaded...
2019-10-30 09:03:52 INFO  MainScreen:100 - Start menu loaded...
2019-10-30 09:05:01 INFO  Utility:16 - Class: Utility -> Method: validateChoice(int) : Validating Choice.
2019-10-30 09:05:01 INFO  MainScreen:150 - Class: MainScreen -> Method: accountHolder() : Account Holder login page loaded.
2019-10-30 09:05:07 INFO  AccountHolderServiceImpl:26 - Class: AccountHolderServiceImpl -> Method: validateUserName(String) : Validating UserName.
2019-10-30 09:05:07 INFO  AccountHolderDAOImpl:66 - Class: AccountHolderDAOImpl -> Method: selectUserName(String) : Selecting User Name.
2019-10-30 09:05:12 INFO  AccountHolderServiceImpl:36 - Class: AccountHolderServiceImpl -> Method: validatePassword(String,String) : Validating Password.
2019-10-30 09:05:12 INFO  AccountHolderDAOImpl:99 - Class: AccountHolderDAOImpl -> Method: selectPassword(String) : Selecting Password.
2019-10-30 09:05:12 INFO  MainScreen:184 - Class: MainScreen -> Method: accountHolder() : Login successful
2019-10-30 09:05:12 INFO  MainScreen:583 - Class: MainScreen -> Method: accountHolderHome(AccountHolder) : Account Holder Home.
2019-10-30 09:05:12 INFO  AccountHolderServiceImpl:89 - Class: AccountHolderServiceImpl -> Method: getAssociatedAccount(String) : Getting All Accounts
2019-10-30 09:05:12 INFO  AccountHolderDAOImpl:386 - Class: AccountHolderDAOImpl -> Method: getAllAccounts(String) : Getting All Accounts.
2019-10-30 09:05:15 INFO  MainScreen:882 - Class: MainScreen -> Method: fundTransfer(AccountHolder) : Transferring fund.
2019-10-30 09:05:24 INFO  AccountHolderServiceImpl:46 - Class: AccountHolderServiceImpl -> Method: getPayeeList(int) : Getting Payee list.
2019-10-30 09:05:24 INFO  AccountHolderDAOImpl:135 - Class: AccountHolderDAOImpl -> Method: selectAllPayee(int) : Selecting all Payee.
2019-10-30 09:05:26 INFO  MainScreen:952 - Class: MainScreen -> Method: fundTransfer(AccountHolder) : Adding new Payee.
2019-10-30 09:05:46 INFO  AccountHolderServiceImpl:79 - Class: AccountHolderServiceImpl -> Method: addPayee(Payee) : Adding new Payee
2019-10-30 09:05:46 INFO  AccountHolderDAOImpl:327 - Class: AccountHolderDAOImpl -> Method: addPayee(Payee) : Adding Payee.
2019-10-30 09:05:46 INFO  AccountHolderDAOImpl:305 - Class: AccountHolderDAOImpl -> Method: connectionCommit() : Committing connection.
2019-10-30 09:05:46 INFO  MainScreen:961 - Class: MainScreen -> Method: fundTransfer(AccountHolder) : Payee Added Successfully.
2019-10-30 09:05:48 INFO  AccountHolderServiceImpl:46 - Class: AccountHolderServiceImpl -> Method: getPayeeList(int) : Getting Payee list.
2019-10-30 09:05:48 INFO  AccountHolderDAOImpl:135 - Class: AccountHolderDAOImpl -> Method: selectAllPayee(int) : Selecting all Payee.
2019-10-30 09:06:18 INFO  AccountHolderServiceImpl:162 - Class: AccountHolderServiceImpl -> Method: getAvailableBalance(int) : Getting Available balance.
2019-10-30 09:06:18 INFO  AccountHolderDAOImpl:170 - Class: AccountHolderDAOImpl -> Method: getAmount(int) : Getting Amount.
2019-10-30 09:06:28 INFO  AccountHolderServiceImpl:52 - Class: AccountHolderServiceImpl -> Method: validateUserName(String) : Fund Transfer.
2019-10-30 09:06:28 INFO  AccountHolderDAOImpl:170 - Class: AccountHolderDAOImpl -> Method: getAmount(int) : Getting Amount.
2019-10-30 09:06:28 INFO  AccountHolderDAOImpl:200 - Class: AccountHolderDAOImpl -> Method: selectPayee(int, int) : Selecting Payee.
2019-10-30 09:06:28 INFO  AccountHolderDAOImpl:231 - Class: AccountHolderDAOImpl -> Method: withdraw(int, double) : Withdrawing.
2019-10-30 09:06:28 INFO  AccountHolderDAOImpl:273 - Class: AccountHolderDAOImpl -> Method: deposit(int, double) : Depositing.
2019-10-30 09:06:28 INFO  AccountHolderDAOImpl:360 - Class: AccountHolderDAOImpl -> Method: addFundTransfer(Payee, double) : Adding Fund Transfer.
2019-10-30 09:06:28 INFO  AccountHolderDAOImpl:305 - Class: AccountHolderDAOImpl -> Method: connectionCommit() : Committing connection.
2019-10-30 09:06:28 INFO  AccountHolderServiceImpl:68 - Class: AccountHolderServiceImpl -> Method: fundTransfer(int,Payee,double) : Fund Transferred.
2019-10-30 09:06:28 INFO  MainScreen:935 - Class: MainScreen -> Method: fundTransfer(AccountHolder) : Fund transferred successfully.
2019-10-30 09:06:28 INFO  AccountHolderServiceImpl:162 - Class: AccountHolderServiceImpl -> Method: getAvailableBalance(int) : Getting Available balance.
2019-10-30 09:06:28 INFO  AccountHolderDAOImpl:170 - Class: AccountHolderDAOImpl -> Method: getAmount(int) : Getting Amount.
2019-10-30 09:06:38 INFO  MainScreen:952 - Class: MainScreen -> Method: fundTransfer(AccountHolder) : Adding new Payee.
2019-10-30 09:06:43 INFO  AccountHolderServiceImpl:79 - Class: AccountHolderServiceImpl -> Method: addPayee(Payee) : Adding new Payee
2019-10-30 09:06:43 INFO  AccountHolderDAOImpl:327 - Class: AccountHolderDAOImpl -> Method: addPayee(Payee) : Adding Payee.
2019-10-30 09:06:43 INFO  AccountHolderDAOImpl:305 - Class: AccountHolderDAOImpl -> Method: connectionCommit() : Committing connection.
2019-10-30 09:06:43 INFO  MainScreen:961 - Class: MainScreen -> Method: fundTransfer(AccountHolder) : Payee Added Successfully.
2019-10-30 09:06:56 INFO  MainScreen:952 - Class: MainScreen -> Method: fundTransfer(AccountHolder) : Adding new Payee.
2019-10-30 09:07:05 ERROR MainScreen:982 - Class: MainScreen -> Method: fundTransfer(AccountHolder) : Input Mismatch Exception Occurred.
2019-10-30 09:07:11 INFO  MainScreen:969 - Class: MainScreen -> Method: fundTransfer(AccountHolder) : Going Back.
2019-10-30 09:07:13 INFO  MainScreen:882 - Class: MainScreen -> Method: fundTransfer(AccountHolder) : Transferring fund.
2019-10-30 09:07:16 INFO  AccountHolderServiceImpl:46 - Class: AccountHolderServiceImpl -> Method: getPayeeList(int) : Getting Payee list.
2019-10-30 09:07:16 INFO  AccountHolderDAOImpl:135 - Class: AccountHolderDAOImpl -> Method: selectAllPayee(int) : Selecting all Payee.
2019-10-30 09:07:38 INFO  AccountHolderServiceImpl:162 - Class: AccountHolderServiceImpl -> Method: getAvailableBalance(int) : Getting Available balance.
2019-10-30 09:07:38 INFO  AccountHolderDAOImpl:170 - Class: AccountHolderDAOImpl -> Method: getAmount(int) : Getting Amount.
2019-10-30 09:07:48 INFO  AccountHolderServiceImpl:52 - Class: AccountHolderServiceImpl -> Method: validateUserName(String) : Fund Transfer.
2019-10-30 09:07:48 INFO  AccountHolderDAOImpl:170 - Class: AccountHolderDAOImpl -> Method: getAmount(int) : Getting Amount.
2019-10-30 09:07:48 INFO  AccountHolderDAOImpl:200 - Class: AccountHolderDAOImpl -> Method: selectPayee(int, int) : Selecting Payee.
2019-10-30 09:07:48 INFO  AccountHolderDAOImpl:231 - Class: AccountHolderDAOImpl -> Method: withdraw(int, double) : Withdrawing.
2019-10-30 09:07:48 INFO  AccountHolderDAOImpl:273 - Class: AccountHolderDAOImpl -> Method: deposit(int, double) : Depositing.
2019-10-30 09:07:48 INFO  AccountHolderDAOImpl:360 - Class: AccountHolderDAOImpl -> Method: addFundTransfer(Payee, double) : Adding Fund Transfer.
2019-10-30 09:07:48 INFO  AccountHolderDAOImpl:305 - Class: AccountHolderDAOImpl -> Method: connectionCommit() : Committing connection.
2019-10-30 09:07:48 INFO  AccountHolderServiceImpl:68 - Class: AccountHolderServiceImpl -> Method: fundTransfer(int,Payee,double) : Fund Transferred.
2019-10-30 09:07:48 INFO  MainScreen:935 - Class: MainScreen -> Method: fundTransfer(AccountHolder) : Fund transferred successfully.
2019-10-30 09:07:48 INFO  AccountHolderServiceImpl:162 - Class: AccountHolderServiceImpl -> Method: getAvailableBalance(int) : Getting Available balance.
2019-10-30 09:07:48 INFO  AccountHolderDAOImpl:170 - Class: AccountHolderDAOImpl -> Method: getAmount(int) : Getting Amount.
2019-10-30 09:07:53 INFO  MainScreen:974 - Class: MainScreen -> Method: fundTransfer(AccountHolder) : Exiting from application.
2019-10-30 09:07:58 INFO  AccountHolderDAOImpl:46 - Class: AccountHolderDAOImpl -> Method: AccountHolderDAOImpl() : Setting Auto commit false.
2019-10-30 09:07:58 INFO  BankAdminDAOImpl:49 - Class: BankAdminDAOImpl -> Method: BankAdminDAOImpl() : Setting Auto commit false.
2019-10-30 09:07:58 INFO  AccountHolderDAOImpl:46 - Class: AccountHolderDAOImpl -> Method: AccountHolderDAOImpl() : Setting Auto commit false.
2019-10-30 09:07:58 INFO  AccountHolderServiceImpl:36 - Class: AccountHolderServiceImpl -> Method: validatePassword(String,String) : Validating Password.
2019-10-30 09:07:58 INFO  AccountHolderDAOImpl:99 - Class: AccountHolderDAOImpl -> Method: selectPassword(String) : Selecting Password.
2019-10-30 09:07:58 INFO  AccountHolderDAOImpl:46 - Class: AccountHolderDAOImpl -> Method: AccountHolderDAOImpl() : Setting Auto commit false.
2019-10-30 09:07:58 INFO  AccountHolderDAOImpl:543 - Class: AccountHolderDAOImpl -> Method: updateAddress(int, String) : Updating Address.
2019-10-30 09:07:58 INFO  AccountHolderDAOImpl:46 - Class: AccountHolderDAOImpl -> Method: AccountHolderDAOImpl() : Setting Auto commit false.
2019-10-30 09:07:58 INFO  AccountHolderServiceImpl:95 - Class: AccountHolderServiceImpl -> Method: getMiniStatement(int) : Getting mini statement
2019-10-30 09:07:58 INFO  AccountHolderDAOImpl:417 - Class: AccountHolderDAOImpl -> Method: selectTentransactions(int) : Selecting  Ten Transactions.
2019-10-30 09:07:58 INFO  AccountHolderDAOImpl:46 - Class: AccountHolderDAOImpl -> Method: AccountHolderDAOImpl() : Setting Auto commit false.
2019-10-30 09:07:58 INFO  AccountHolderServiceImpl:52 - Class: AccountHolderServiceImpl -> Method: validateUserName(String) : Fund Transfer.
2019-10-30 09:07:58 INFO  AccountHolderDAOImpl:170 - Class: AccountHolderDAOImpl -> Method: getAmount(int) : Getting Amount.
2019-10-30 09:07:58 INFO  AccountHolderDAOImpl:200 - Class: AccountHolderDAOImpl -> Method: selectPayee(int, int) : Selecting Payee.
2019-10-30 09:07:58 INFO  AccountHolderDAOImpl:231 - Class: AccountHolderDAOImpl -> Method: withdraw(int, double) : Withdrawing.
2019-10-30 09:07:58 INFO  AccountHolderDAOImpl:273 - Class: AccountHolderDAOImpl -> Method: deposit(int, double) : Depositing.
2019-10-30 09:07:58 INFO  AccountHolderDAOImpl:360 - Class: AccountHolderDAOImpl -> Method: addFundTransfer(Payee, double) : Adding Fund Transfer.
2019-10-30 09:07:58 INFO  AccountHolderDAOImpl:305 - Class: AccountHolderDAOImpl -> Method: connectionCommit() : Committing connection.
2019-10-30 09:07:58 INFO  AccountHolderServiceImpl:68 - Class: AccountHolderServiceImpl -> Method: fundTransfer(int,Payee,double) : Fund Transferred.
2019-10-30 09:07:58 INFO  AccountHolderServiceImpl:95 - Class: AccountHolderServiceImpl -> Method: getMiniStatement(int) : Getting mini statement
2019-10-30 09:07:58 INFO  AccountHolderDAOImpl:417 - Class: AccountHolderDAOImpl -> Method: selectTentransactions(int) : Selecting  Ten Transactions.
2019-10-30 09:07:58 INFO  MainScreen:89 - Main screen loaded...
2019-10-30 09:07:58 INFO  MainScreen:100 - Start menu loaded...
2019-10-30 09:44:09 INFO  AccountHolderDAOImpl:46 - Class: AccountHolderDAOImpl -> Method: AccountHolderDAOImpl() : Setting Auto commit false.
2019-10-30 09:44:09 INFO  BankAdminDAOImpl:49 - Class: BankAdminDAOImpl -> Method: BankAdminDAOImpl() : Setting Auto commit false.
2019-10-30 09:44:09 INFO  AccountHolderDAOImpl:46 - Class: AccountHolderDAOImpl -> Method: AccountHolderDAOImpl() : Setting Auto commit false.
2019-10-30 09:44:09 INFO  AccountHolderServiceImpl:79 - Class: AccountHolderServiceImpl -> Method: validatePassword(String,String) : Validating Password.
2019-10-30 09:44:09 INFO  AccountHolderDAOImpl:99 - Class: AccountHolderDAOImpl -> Method: selectPassword(String) : Selecting Password.
2019-10-30 09:44:09 INFO  AccountHolderDAOImpl:46 - Class: AccountHolderDAOImpl -> Method: AccountHolderDAOImpl() : Setting Auto commit false.
2019-10-30 09:44:09 INFO  AccountHolderDAOImpl:543 - Class: AccountHolderDAOImpl -> Method: updateAddress(int, String) : Updating Address.
2019-10-30 09:44:09 INFO  AccountHolderDAOImpl:46 - Class: AccountHolderDAOImpl -> Method: AccountHolderDAOImpl() : Setting Auto commit false.
2019-10-30 09:44:09 INFO  AccountHolderServiceImpl:207 - Class: AccountHolderServiceImpl -> Method: getMiniStatement(int) : Getting mini statement
2019-10-30 09:44:09 INFO  AccountHolderDAOImpl:417 - Class: AccountHolderDAOImpl -> Method: selectTentransactions(int) : Selecting  Ten Transactions.
2019-10-30 09:44:09 INFO  AccountHolderDAOImpl:46 - Class: AccountHolderDAOImpl -> Method: AccountHolderDAOImpl() : Setting Auto commit false.
2019-10-30 09:44:09 INFO  AccountHolderServiceImpl:127 - Class: AccountHolderServiceImpl -> Method: validateUserName(String) : Fund Transfer.
2019-10-30 09:44:09 INFO  AccountHolderDAOImpl:170 - Class: AccountHolderDAOImpl -> Method: getAmount(int) : Getting Amount.
2019-10-30 09:44:09 INFO  AccountHolderDAOImpl:200 - Class: AccountHolderDAOImpl -> Method: selectPayee(int, int) : Selecting Payee.
2019-10-30 09:44:09 INFO  AccountHolderDAOImpl:231 - Class: AccountHolderDAOImpl -> Method: withdraw(int, double) : Withdrawing.
2019-10-30 09:44:09 INFO  AccountHolderDAOImpl:273 - Class: AccountHolderDAOImpl -> Method: deposit(int, double) : Depositing.
2019-10-30 09:44:09 INFO  AccountHolderDAOImpl:360 - Class: AccountHolderDAOImpl -> Method: addFundTransfer(Payee, double) : Adding Fund Transfer.
2019-10-30 09:44:09 INFO  AccountHolderDAOImpl:305 - Class: AccountHolderDAOImpl -> Method: connectionCommit() : Committing connection.
2019-10-30 09:44:09 INFO  AccountHolderServiceImpl:143 - Class: AccountHolderServiceImpl -> Method: fundTransfer(int,Payee,double) : Fund Transferred.
2019-10-30 09:44:09 INFO  AccountHolderServiceImpl:207 - Class: AccountHolderServiceImpl -> Method: getMiniStatement(int) : Getting mini statement
2019-10-30 09:44:09 INFO  AccountHolderDAOImpl:417 - Class: AccountHolderDAOImpl -> Method: selectTentransactions(int) : Selecting  Ten Transactions.
2019-10-30 09:44:09 INFO  MainScreen:89 - Main screen loaded...
2019-10-30 09:44:09 INFO  MainScreen:100 - Start menu loaded...
2019-10-30 09:45:03 INFO  Utility:32 - Class: Utility -> Method: validateChoice(int) : Validating Choice.
2019-10-30 09:45:03 INFO  MainScreen:220 - Class: MainScreen -> Method: bankAdmin() : Account Holder login page loaded.
2019-10-30 09:45:17 INFO  BankAdminServiceImpl:46 - Class: BankAdminServiceImpl -> Method: validateAdminName(String) : Validating Admin Name.
2019-10-30 09:45:17 INFO  BankAdminDAOImpl:70 - Class: BankAdminDAOImpl -> Method: selectAdminName(String) : Selecting Admin Name.
2019-10-30 09:45:21 INFO  BankAdminServiceImpl:70 - Class: BankAdminServiceImpl -> Method: validateAdminName(String) : Validating Password.
2019-10-30 09:45:21 INFO  BankAdminDAOImpl:103 - Class: BankAdminDAOImpl -> Method: selectPassword(String, String) : Selecting Password.
2019-10-30 09:45:21 INFO  MainScreen:252 - Class: MainScreen -> Method: bankAdmin() : Login Successful
2019-10-30 09:45:21 INFO  MainScreen:283 - Class: MainScreen -> Method: bankAdminHome(BankAdmin) : BankAdmin Home loaded.
2019-10-30 09:45:47 INFO  MainScreen:310 - Class: MainScreen -> Method: bankAdminHome(BankAdmin) : Exiting from the application.
2019-10-30 10:05:14 INFO  AccountHolderDAOImpl:46 - Class: AccountHolderDAOImpl -> Method: AccountHolderDAOImpl() : Setting Auto commit false.
2019-10-30 10:05:14 INFO  BankAdminDAOImpl:49 - Class: BankAdminDAOImpl -> Method: BankAdminDAOImpl() : Setting Auto commit false.
2019-10-30 10:05:14 INFO  AccountHolderDAOImpl:46 - Class: AccountHolderDAOImpl -> Method: AccountHolderDAOImpl() : Setting Auto commit false.
2019-10-30 10:05:14 INFO  AccountHolderServiceImpl:79 - Class: AccountHolderServiceImpl -> Method: validatePassword(String,String) : Validating Password.
2019-10-30 10:05:14 INFO  AccountHolderDAOImpl:99 - Class: AccountHolderDAOImpl -> Method: selectPassword(String) : Selecting Password.
2019-10-30 10:05:15 INFO  AccountHolderDAOImpl:46 - Class: AccountHolderDAOImpl -> Method: AccountHolderDAOImpl() : Setting Auto commit false.
2019-10-30 10:05:15 INFO  AccountHolderDAOImpl:543 - Class: AccountHolderDAOImpl -> Method: updateAddress(int, String) : Updating Address.
2019-10-30 10:05:15 INFO  AccountHolderDAOImpl:46 - Class: AccountHolderDAOImpl -> Method: AccountHolderDAOImpl() : Setting Auto commit false.
2019-10-30 10:05:15 INFO  AccountHolderServiceImpl:207 - Class: AccountHolderServiceImpl -> Method: getMiniStatement(int) : Getting mini statement
2019-10-30 10:05:15 INFO  AccountHolderDAOImpl:417 - Class: AccountHolderDAOImpl -> Method: selectTentransactions(int) : Selecting  Ten Transactions.
2019-10-30 10:05:15 INFO  AccountHolderDAOImpl:46 - Class: AccountHolderDAOImpl -> Method: AccountHolderDAOImpl() : Setting Auto commit false.
2019-10-30 10:05:15 INFO  AccountHolderServiceImpl:127 - Class: AccountHolderServiceImpl -> Method: validateUserName(String) : Fund Transfer.
2019-10-30 10:05:15 INFO  AccountHolderDAOImpl:170 - Class: AccountHolderDAOImpl -> Method: getAmount(int) : Getting Amount.
2019-10-30 10:05:15 INFO  AccountHolderDAOImpl:200 - Class: AccountHolderDAOImpl -> Method: selectPayee(int, int) : Selecting Payee.
2019-10-30 10:05:15 INFO  AccountHolderDAOImpl:231 - Class: AccountHolderDAOImpl -> Method: withdraw(int, double) : Withdrawing.
2019-10-30 10:05:15 INFO  AccountHolderDAOImpl:273 - Class: AccountHolderDAOImpl -> Method: deposit(int, double) : Depositing.
2019-10-30 10:05:15 INFO  AccountHolderDAOImpl:360 - Class: AccountHolderDAOImpl -> Method: addFundTransfer(Payee, double) : Adding Fund Transfer.
2019-10-30 10:05:15 INFO  AccountHolderDAOImpl:305 - Class: AccountHolderDAOImpl -> Method: connectionCommit() : Committing connection.
2019-10-30 10:05:15 INFO  AccountHolderServiceImpl:143 - Class: AccountHolderServiceImpl -> Method: fundTransfer(int,Payee,double) : Fund Transferred.
2019-10-30 10:05:15 INFO  AccountHolderServiceImpl:207 - Class: AccountHolderServiceImpl -> Method: getMiniStatement(int) : Getting mini statement
2019-10-30 10:05:15 INFO  AccountHolderDAOImpl:417 - Class: AccountHolderDAOImpl -> Method: selectTentransactions(int) : Selecting  Ten Transactions.
2019-10-30 10:05:15 INFO  MainScreen:89 - Main screen loaded...
2019-10-30 10:05:15 INFO  MainScreen:100 - Start menu loaded...
2019-10-30 10:05:25 INFO  Utility:32 - Class: Utility -> Method: validateChoice(int) : Validating Choice.
2019-10-30 10:05:25 INFO  MainScreen:220 - Class: MainScreen -> Method: bankAdmin() : Account Holder login page loaded.
2019-10-30 10:05:27 INFO  BankAdminServiceImpl:46 - Class: BankAdminServiceImpl -> Method: validateAdminName(String) : Validating Admin Name.
2019-10-30 10:05:27 INFO  BankAdminDAOImpl:70 - Class: BankAdminDAOImpl -> Method: selectAdminName(String) : Selecting Admin Name.
2019-10-30 10:05:29 INFO  BankAdminServiceImpl:70 - Class: BankAdminServiceImpl -> Method: validateAdminName(String) : Validating Password.
2019-10-30 10:05:29 INFO  BankAdminDAOImpl:103 - Class: BankAdminDAOImpl -> Method: selectPassword(String, String) : Selecting Password.
2019-10-30 10:05:29 INFO  MainScreen:252 - Class: MainScreen -> Method: bankAdmin() : Login Successful
2019-10-30 10:05:29 INFO  MainScreen:283 - Class: MainScreen -> Method: bankAdminHome(BankAdmin) : BankAdmin Home loaded.
2019-10-30 10:05:32 ERROR MainScreen:430 - Class: MainScreen -> Method: createAccount() : Create Account Method
2019-10-30 10:05:37 INFO  Utility:53 - Class: Utility -> Method: validateName(String) : Validating Name.
2019-10-30 10:05:48 INFO  Utility:71 - Class: Utility -> Method: validateMobileNumber(String) : Validating Mobile Number.
2019-10-30 10:05:55 INFO  Utility:100 - Class: Utility -> Method: validateEmailId(String) : Validating Email Id.
2019-10-30 10:05:59 INFO  Utility:122 - Class: Utility -> Method: validateAccountType(String) : Validating Account Type.
2019-10-30 10:05:59 WARN  MainScreen:509 - Class: MainScreen -> Method: createAccount() : Invalid account type entered.
2019-10-30 10:06:06 INFO  Utility:122 - Class: Utility -> Method: validateAccountType(String) : Validating Account Type.
2019-10-30 10:06:18 INFO  Utility:141 - Class: Utility -> Method: validatePanNumber(String) : Validating PanNumber.
2019-10-30 10:06:18 WARN  MainScreen:529 - Class: MainScreen -> Method: createAccount() : Invalid pan number entered.
2019-10-30 10:06:37 INFO  Utility:141 - Class: Utility -> Method: validatePanNumber(String) : Validating PanNumber.
2019-10-30 10:06:50 INFO  Utility:141 - Class: Utility -> Method: validatePanNumber(String) : Validating PanNumber.
2019-10-30 10:06:50 INFO  BankAdminServiceImpl:94 - Class: BankAdminServiceImpl -> Method: createAccount(Customer, AccountMaster) : Creating Account.
2019-10-30 10:06:50 INFO  BankAdminDAOImpl:242 - Class: BankAdminDAOImpl -> Method: checkPan(String) : Checking Pan no.
2019-10-30 10:06:50 INFO  BankAdminDAOImpl:136 - Class: BankAdminDAOImpl -> Method: addAccountMaster(AccountMaster) : Adding Account Master.
2019-10-30 10:06:50 INFO  BankAdminDAOImpl:171 - Class: BankAdminDAOImpl -> Method: addCustomer(Customer) : Adding Customer.
2019-10-30 10:06:50 INFO  BankAdminServiceImpl:116 - Class: BankAdminServiceImpl -> Method: createAccount(Customer, AccountMaster) : Already an account present.
2019-10-30 10:06:50 INFO  BankAdminDAOImpl:268 - Class: BankAdminDAOImpl -> Method: getUser(int) : Getting User.
2019-10-30 10:06:50 INFO  BankAdminDAOImpl:207 - Class: BankAdminDAOImpl -> Method: addUser(AccountHolder) : Adding User.
2019-10-30 10:06:50 INFO  BankAdminServiceImpl:122 - Class: BankAdminServiceImpl -> Method: createAccount(Customer, AccountMaster) : User added.
2019-10-30 10:06:50 INFO  BankAdminServiceImpl:126 - Class: BankAdminServiceImpl -> Method: createAccount(Customer, AccountMaster) : Going Back after adding.
2019-10-30 10:06:50 INFO  MainScreen:563 - Class: MainScreen -> Method: createAccount() : Account created and Going Back.
2019-10-30 10:08:55 INFO  AccountHolderDAOImpl:46 - Class: AccountHolderDAOImpl -> Method: AccountHolderDAOImpl() : Setting Auto commit false.
2019-10-30 10:08:55 INFO  BankAdminDAOImpl:49 - Class: BankAdminDAOImpl -> Method: BankAdminDAOImpl() : Setting Auto commit false.
2019-10-30 10:08:55 INFO  AccountHolderDAOImpl:46 - Class: AccountHolderDAOImpl -> Method: AccountHolderDAOImpl() : Setting Auto commit false.
2019-10-30 10:08:55 INFO  AccountHolderServiceImpl:79 - Class: AccountHolderServiceImpl -> Method: validatePassword(String,String) : Validating Password.
2019-10-30 10:08:55 INFO  AccountHolderDAOImpl:99 - Class: AccountHolderDAOImpl -> Method: selectPassword(String) : Selecting Password.
2019-10-30 10:08:55 INFO  AccountHolderDAOImpl:46 - Class: AccountHolderDAOImpl -> Method: AccountHolderDAOImpl() : Setting Auto commit false.
2019-10-30 10:08:55 INFO  AccountHolderDAOImpl:543 - Class: AccountHolderDAOImpl -> Method: updateAddress(int, String) : Updating Address.
2019-10-30 10:08:55 INFO  AccountHolderDAOImpl:46 - Class: AccountHolderDAOImpl -> Method: AccountHolderDAOImpl() : Setting Auto commit false.
2019-10-30 10:08:55 INFO  AccountHolderServiceImpl:207 - Class: AccountHolderServiceImpl -> Method: getMiniStatement(int) : Getting mini statement
2019-10-30 10:08:55 INFO  AccountHolderDAOImpl:417 - Class: AccountHolderDAOImpl -> Method: selectTentransactions(int) : Selecting  Ten Transactions.
2019-10-30 10:08:55 INFO  AccountHolderDAOImpl:46 - Class: AccountHolderDAOImpl -> Method: AccountHolderDAOImpl() : Setting Auto commit false.
2019-10-30 10:08:55 INFO  AccountHolderServiceImpl:127 - Class: AccountHolderServiceImpl -> Method: validateUserName(String) : Fund Transfer.
2019-10-30 10:08:55 INFO  AccountHolderDAOImpl:170 - Class: AccountHolderDAOImpl -> Method: getAmount(int) : Getting Amount.
2019-10-30 10:08:55 INFO  AccountHolderDAOImpl:200 - Class: AccountHolderDAOImpl -> Method: selectPayee(int, int) : Selecting Payee.
2019-10-30 10:08:55 INFO  AccountHolderDAOImpl:231 - Class: AccountHolderDAOImpl -> Method: withdraw(int, double) : Withdrawing.
2019-10-30 10:08:55 INFO  AccountHolderDAOImpl:273 - Class: AccountHolderDAOImpl -> Method: deposit(int, double) : Depositing.
2019-10-30 10:08:55 INFO  AccountHolderDAOImpl:360 - Class: AccountHolderDAOImpl -> Method: addFundTransfer(Payee, double) : Adding Fund Transfer.
2019-10-30 10:08:55 INFO  AccountHolderDAOImpl:305 - Class: AccountHolderDAOImpl -> Method: connectionCommit() : Committing connection.
2019-10-30 10:08:55 INFO  AccountHolderServiceImpl:143 - Class: AccountHolderServiceImpl -> Method: fundTransfer(int,Payee,double) : Fund Transferred.
2019-10-30 10:08:55 INFO  AccountHolderServiceImpl:207 - Class: AccountHolderServiceImpl -> Method: getMiniStatement(int) : Getting mini statement
2019-10-30 10:08:55 INFO  AccountHolderDAOImpl:417 - Class: AccountHolderDAOImpl -> Method: selectTentransactions(int) : Selecting  Ten Transactions.
2019-10-30 10:08:55 INFO  MainScreen:89 - Main screen loaded...
2019-10-30 10:08:55 INFO  MainScreen:100 - Start menu loaded...
2019-10-30 10:09:09 INFO  Utility:32 - Class: Utility -> Method: validateChoice(int) : Validating Choice.
2019-10-30 10:09:09 INFO  MainScreen:220 - Class: MainScreen -> Method: bankAdmin() : Account Holder login page loaded.
2019-10-30 10:09:12 INFO  BankAdminServiceImpl:46 - Class: BankAdminServiceImpl -> Method: validateAdminName(String) : Validating Admin Name.
2019-10-30 10:09:12 INFO  BankAdminDAOImpl:70 - Class: BankAdminDAOImpl -> Method: selectAdminName(String) : Selecting Admin Name.
2019-10-30 10:09:14 INFO  BankAdminServiceImpl:70 - Class: BankAdminServiceImpl -> Method: validateAdminName(String) : Validating Password.
2019-10-30 10:09:14 INFO  BankAdminDAOImpl:103 - Class: BankAdminDAOImpl -> Method: selectPassword(String, String) : Selecting Password.
2019-10-30 10:09:14 INFO  MainScreen:252 - Class: MainScreen -> Method: bankAdmin() : Login Successful
2019-10-30 10:09:14 INFO  MainScreen:283 - Class: MainScreen -> Method: bankAdminHome(BankAdmin) : BankAdmin Home loaded.
2019-10-30 10:09:18 ERROR MainScreen:430 - Class: MainScreen -> Method: createAccount() : Create Account Method
2019-10-30 10:09:25 INFO  Utility:53 - Class: Utility -> Method: validateName(String) : Validating Name.
2019-10-30 10:09:32 INFO  Utility:71 - Class: Utility -> Method: validateMobileNumber(String) : Validating Mobile Number.
2019-10-30 10:09:41 INFO  Utility:100 - Class: Utility -> Method: validateEmailId(String) : Validating Email Id.
2019-10-30 10:09:46 INFO  Utility:122 - Class: Utility -> Method: validateAccountType(String) : Validating Account Type.
2019-10-30 10:10:08 INFO  Utility:141 - Class: Utility -> Method: validatePanNumber(String) : Validating PanNumber.
2019-10-30 10:10:12 INFO  Utility:46 - Class: Utility -> Method: validateNoOfPages(int) : Validating opening balance.
2019-10-30 10:10:12 WARN  MainScreen:550 - Class: MainScreen -> Method: createAccount() : Negative openning balance.
2019-10-30 10:10:42 INFO  Utility:46 - Class: Utility -> Method: validateNoOfPages(int) : Validating opening balance.
2019-10-30 10:10:42 INFO  BankAdminServiceImpl:94 - Class: BankAdminServiceImpl -> Method: createAccount(Customer, AccountMaster) : Creating Account.
2019-10-30 10:10:42 INFO  BankAdminDAOImpl:242 - Class: BankAdminDAOImpl -> Method: checkPan(String) : Checking Pan no.
2019-10-30 10:10:42 WARN  BankAdminDAOImpl:249 - Class: BankAdminDAOImpl -> Method: checkPan(String) : SQLException while Checking Pan no.
2019-10-30 10:10:42 INFO  BankAdminDAOImpl:136 - Class: BankAdminDAOImpl -> Method: addAccountMaster(AccountMaster) : Adding Account Master.
2019-10-30 10:10:42 INFO  BankAdminDAOImpl:171 - Class: BankAdminDAOImpl -> Method: addCustomer(Customer) : Adding Customer.
2019-10-30 10:10:42 INFO  BankAdminServiceImpl:107 - Class: BankAdminServiceImpl -> Method: createAccount(Customer, AccountMaster) : No existing account id.
2019-10-30 10:10:42 INFO  BankAdminDAOImpl:207 - Class: BankAdminDAOImpl -> Method: addUser(AccountHolder) : Adding User.
2019-10-30 10:10:42 INFO  BankAdminServiceImpl:122 - Class: BankAdminServiceImpl -> Method: createAccount(Customer, AccountMaster) : User added.
2019-10-30 10:10:42 INFO  BankAdminServiceImpl:126 - Class: BankAdminServiceImpl -> Method: createAccount(Customer, AccountMaster) : Going Back after adding.
2019-10-30 10:10:42 INFO  MainScreen:563 - Class: MainScreen -> Method: createAccount() : Account created and Going Back.
2019-10-30 10:12:20 INFO  MainScreen:335 - Class: MainScreen -> Method: displayTransactionsToAdmin() : Display Transaction To Admin.
2019-10-30 10:17:24 INFO  AccountHolderDAOImpl:46 - Class: AccountHolderDAOImpl -> Method: AccountHolderDAOImpl() : Setting Auto commit false.
2019-10-30 10:17:24 INFO  BankAdminDAOImpl:49 - Class: BankAdminDAOImpl -> Method: BankAdminDAOImpl() : Setting Auto commit false.
2019-10-30 10:17:24 INFO  AccountHolderDAOImpl:46 - Class: AccountHolderDAOImpl -> Method: AccountHolderDAOImpl() : Setting Auto commit false.
2019-10-30 10:17:24 INFO  AccountHolderServiceImpl:79 - Class: AccountHolderServiceImpl -> Method: validatePassword(String,String) : Validating Password.
2019-10-30 10:17:24 INFO  AccountHolderDAOImpl:99 - Class: AccountHolderDAOImpl -> Method: selectPassword(String) : Selecting Password.
2019-10-30 10:17:25 INFO  AccountHolderDAOImpl:46 - Class: AccountHolderDAOImpl -> Method: AccountHolderDAOImpl() : Setting Auto commit false.
2019-10-30 10:17:25 INFO  AccountHolderDAOImpl:543 - Class: AccountHolderDAOImpl -> Method: updateAddress(int, String) : Updating Address.
2019-10-30 10:17:25 INFO  AccountHolderDAOImpl:46 - Class: AccountHolderDAOImpl -> Method: AccountHolderDAOImpl() : Setting Auto commit false.
2019-10-30 10:17:25 INFO  AccountHolderServiceImpl:207 - Class: AccountHolderServiceImpl -> Method: getMiniStatement(int) : Getting mini statement
2019-10-30 10:17:25 INFO  AccountHolderDAOImpl:417 - Class: AccountHolderDAOImpl -> Method: selectTentransactions(int) : Selecting  Ten Transactions.
2019-10-30 10:17:25 INFO  AccountHolderDAOImpl:46 - Class: AccountHolderDAOImpl -> Method: AccountHolderDAOImpl() : Setting Auto commit false.
2019-10-30 10:17:25 INFO  AccountHolderServiceImpl:127 - Class: AccountHolderServiceImpl -> Method: validateUserName(String) : Fund Transfer.
2019-10-30 10:17:25 INFO  AccountHolderDAOImpl:170 - Class: AccountHolderDAOImpl -> Method: getAmount(int) : Getting Amount.
2019-10-30 10:17:25 INFO  AccountHolderDAOImpl:200 - Class: AccountHolderDAOImpl -> Method: selectPayee(int, int) : Selecting Payee.
2019-10-30 10:17:25 INFO  AccountHolderDAOImpl:231 - Class: AccountHolderDAOImpl -> Method: withdraw(int, double) : Withdrawing.
2019-10-30 10:17:25 INFO  AccountHolderDAOImpl:273 - Class: AccountHolderDAOImpl -> Method: deposit(int, double) : Depositing.
2019-10-30 10:17:25 INFO  AccountHolderDAOImpl:360 - Class: AccountHolderDAOImpl -> Method: addFundTransfer(Payee, double) : Adding Fund Transfer.
2019-10-30 10:17:25 INFO  AccountHolderDAOImpl:305 - Class: AccountHolderDAOImpl -> Method: connectionCommit() : Committing connection.
2019-10-30 10:17:25 INFO  AccountHolderServiceImpl:143 - Class: AccountHolderServiceImpl -> Method: fundTransfer(int,Payee,double) : Fund Transferred.
2019-10-30 10:17:25 INFO  AccountHolderServiceImpl:207 - Class: AccountHolderServiceImpl -> Method: getMiniStatement(int) : Getting mini statement
2019-10-30 10:17:25 INFO  AccountHolderDAOImpl:417 - Class: AccountHolderDAOImpl -> Method: selectTentransactions(int) : Selecting  Ten Transactions.
2019-10-30 10:17:25 INFO  MainScreen:89 - Main screen loaded...
2019-10-30 10:17:25 INFO  MainScreen:100 - Start menu loaded...
2019-10-30 10:17:42 INFO  Utility:32 - Class: Utility -> Method: validateChoice(int) : Validating Choice.
2019-10-30 10:17:42 INFO  MainScreen:220 - Class: MainScreen -> Method: bankAdmin() : Account Holder login page loaded.
2019-10-30 10:17:49 INFO  BankAdminServiceImpl:46 - Class: BankAdminServiceImpl -> Method: validateAdminName(String) : Validating Admin Name.
2019-10-30 10:17:49 INFO  BankAdminDAOImpl:70 - Class: BankAdminDAOImpl -> Method: selectAdminName(String) : Selecting Admin Name.
2019-10-30 10:17:51 INFO  BankAdminServiceImpl:70 - Class: BankAdminServiceImpl -> Method: validateAdminName(String) : Validating Password.
2019-10-30 10:17:51 INFO  BankAdminDAOImpl:103 - Class: BankAdminDAOImpl -> Method: selectPassword(String, String) : Selecting Password.
2019-10-30 10:17:51 INFO  MainScreen:252 - Class: MainScreen -> Method: bankAdmin() : Login Successful
2019-10-30 10:17:51 INFO  MainScreen:283 - Class: MainScreen -> Method: bankAdminHome(BankAdmin) : BankAdmin Home loaded.
2019-10-30 10:17:54 ERROR MainScreen:430 - Class: MainScreen -> Method: createAccount() : Create Account Method
2019-10-30 10:17:57 INFO  Utility:53 - Class: Utility -> Method: validateName(String) : Validating Name.
2019-10-30 10:18:06 INFO  Utility:71 - Class: Utility -> Method: validateMobileNumber(String) : Validating Mobile Number.
2019-10-30 10:18:13 INFO  Utility:100 - Class: Utility -> Method: validateEmailId(String) : Validating Email Id.
2019-10-30 10:18:17 INFO  Utility:122 - Class: Utility -> Method: validateAccountType(String) : Validating Account Type.
2019-10-30 10:19:21 INFO  Utility:141 - Class: Utility -> Method: validatePanNumber(String) : Validating PanNumber.
2019-10-30 10:19:21 WARN  MainScreen:529 - Class: MainScreen -> Method: createAccount() : Invalid pan number entered.
2019-10-30 10:19:59 INFO  Utility:141 - Class: Utility -> Method: validatePanNumber(String) : Validating PanNumber.
2019-10-30 10:20:01 INFO  Utility:46 - Class: Utility -> Method: validateNoOfPages(int) : Validating opening balance.
2019-10-30 10:20:01 INFO  BankAdminServiceImpl:94 - Class: BankAdminServiceImpl -> Method: createAccount(Customer, AccountMaster) : Creating Account.
2019-10-30 10:20:01 INFO  BankAdminDAOImpl:242 - Class: BankAdminDAOImpl -> Method: checkPan(String) : Checking Pan no.
2019-10-30 10:20:01 INFO  BankAdminDAOImpl:136 - Class: BankAdminDAOImpl -> Method: addAccountMaster(AccountMaster) : Adding Account Master.
2019-10-30 10:20:01 INFO  BankAdminDAOImpl:171 - Class: BankAdminDAOImpl -> Method: addCustomer(Customer) : Adding Customer.
2019-10-30 10:20:01 INFO  BankAdminServiceImpl:116 - Class: BankAdminServiceImpl -> Method: createAccount(Customer, AccountMaster) : Already an account present.
2019-10-30 10:20:01 INFO  BankAdminDAOImpl:268 - Class: BankAdminDAOImpl -> Method: getUser(int) : Getting User.
